  OxygenBuddy.peaceful.cpp
C:\Users\mrsuperbuddy\source\repos\OxygenBuddy.peaceful\OxygenBuddy.peaceful\OxygenBuddy.peaceful.cpp(174,7): warning C4552: "<": результат выражения не используется
C:\Users\mrsuperbuddy\source\repos\OxygenBuddy.peaceful\OxygenBuddy.peaceful\OxygenBuddy.peaceful.cpp(184,10): warning C4552: "<": результат выражения не используется
C:\Users\mrsuperbuddy\source\repos\OxygenBuddy.peaceful\OxygenBuddy.peaceful\OxygenBuddy.peaceful.cpp(189,10): warning C4552: "<": результат выражения не используется
C:\Users\mrsuperbuddy\source\repos\OxygenBuddy.peaceful\OxygenBuddy.peaceful\OxygenBuddy.peaceful.cpp(362,14): warning C4244: инициализация: преобразование "int" в "FLOAT", возможна потеря данных
C:\Users\mrsuperbuddy\source\repos\OxygenBuddy.peaceful\OxygenBuddy.peaceful\OxygenBuddy.peaceful.cpp(416,14): warning C4244: инициализация: преобразование "int" в "FLOAT", возможна потеря данных
C:\Users\mrsuperbuddy\source\repos\OxygenBuddy.peaceful\OxygenBuddy.peaceful\OxygenBuddy.peaceful.cpp(470,14): warning C4244: инициализация: преобразование "int" в "FLOAT", возможна потеря данных
C:\Users\mrsuperbuddy\source\repos\OxygenBuddy.peaceful\OxygenBuddy.peaceful\OxygenBuddy.peaceful.cpp(501,13): warning C4244: инициализация: преобразование "double" в "float", возможна потеря данных
C:\Users\mrsuperbuddy\source\repos\OxygenBuddy.peaceful\OxygenBuddy.peaceful\OxygenBuddy.peaceful.cpp(502,17): warning C4244: аргумент: преобразование "float" в "int", возможна потеря данных
C:\Users\mrsuperbuddy\source\repos\OxygenBuddy.peaceful\OxygenBuddy.peaceful\OxygenBuddy.peaceful.cpp(537,11): warning C4244: инициализация: преобразование "double" в "int", возможна потеря данных
C:\Users\mrsuperbuddy\source\repos\OxygenBuddy.peaceful\OxygenBuddy.peaceful\OxygenBuddy.peaceful.cpp(539,11): warning C4244: инициализация: преобразование "double" в "int", возможна потеря данных
C:\Users\mrsuperbuddy\source\repos\OxygenBuddy.peaceful\OxygenBuddy.peaceful\OxygenBuddy.peaceful.cpp(571,11): warning C4244: инициализация: преобразование "double" в "int", возможна потеря данных
C:\Users\mrsuperbuddy\source\repos\OxygenBuddy.peaceful\OxygenBuddy.peaceful\OxygenBuddy.peaceful.cpp(573,11): warning C4244: инициализация: преобразование "double" в "int", возможна потеря данных
C:\Users\mrsuperbuddy\source\repos\OxygenBuddy.peaceful\OxygenBuddy.peaceful\OxygenBuddy.peaceful.cpp(604,11): warning C4244: инициализация: преобразование "double" в "int", возможна потеря данных
C:\Users\mrsuperbuddy\source\repos\OxygenBuddy.peaceful\OxygenBuddy.peaceful\OxygenBuddy.peaceful.cpp(606,11): warning C4244: инициализация: преобразование "double" в "int", возможна потеря данных
C:\Users\mrsuperbuddy\source\repos\OxygenBuddy.peaceful\OxygenBuddy.peaceful\OxygenBuddy.peaceful.cpp(636,24): warning C4129: I: неизвестная escape-последовательность
C:\Users\mrsuperbuddy\source\repos\OxygenBuddy.peaceful\OxygenBuddy.peaceful\OxygenBuddy.peaceful.cpp(636,24): warning C4129: B: неизвестная escape-последовательность
C:\Users\mrsuperbuddy\source\repos\OxygenBuddy.peaceful\OxygenBuddy.peaceful\OxygenBuddy.peaceful.cpp(642,25): warning C4129: N: неизвестная escape-последовательность
  Создание кода
  1 of 18 functions ( 5.6%) were compiled, the rest were copied from previous compilation.
    0 functions were new in current compilation
    0 functions had inline decision re-evaluated but remain unchanged
  Создание кода завершено
  OxygenBuddy.peaceful.vcxproj -> C:\Users\mrsuperbuddy\source\repos\OxygenBuddy.peaceful\Release\OxygenBuddy.peaceful.exe
